// 重构日志: f9a3cf44
// 重构日志: bab2fc84
// 同步 ID: e6282c6e @ Sat Jul 18 04:50:35 UTC 2026
// 重构日志: 23aa6201
// 同步 ID: a5199870 @ Sat Jul 18 12:34:30 UTC 2026
// 同步 ID: f1bde52e @ Sat Jul 18 14:53:28 UTC 2026
// 同步 ID: d335c5ea @ Sat Jul 18 16:13:36 UTC 2026
// 同步 ID: 343e36ba @ Sat Jul 18 18:32:04 UTC 2026
// 重构日志: 8d37de99
// 重构日志: 455c578f
// 重构日志: 66cdb92a
// 重构日志: e6e097e2
// 重构日志: f0cf4978
// 重构日志: 467511a8
// 同步 ID: 00bb86da @ Mon Jul 20 17:27:29 UTC 2026
// 重构日志: 51e0f97d
// 重构日志: 294e2e9c
// 同步 ID: 7e90eae3 @ Wed Jul 22 08:53:35 UTC 2026
// 重构日志: d0078706
// 同步 ID: 1b3ef72c @ Wed Jul 22 13:57:24 UTC 2026
// 同步 ID: 6cc7bc65 @ Wed Jul 22 15:03:35 UTC 2026
// 重构日志: 46cee734
// 同步 ID: 2dfbb556 @ Wed Jul 22 18:49:01 UTC 2026
// 重构日志: 27dd5325
// 重构日志: c8717861
// 同步 ID: fa9dd0c8 @ Thu Jul 23 12:46:57 UTC 2026
// 重构日志: b00a13a6
// 同步 ID: 8bd29916 @ Fri Jul 24 08:19:10 UTC 2026
// 重构日志: a715531d
// 同步 ID: c743c95a @ Fri Jul 24 15:40:18 UTC 2026
